Code/Look/Temp/gradleOut/unityLibrary/build/intermediates/manifest_merge_blame_file/release/manifest-merger-blame-release-report.txt
1<?xml version="1.0" encoding="utf-8"?>
2<!-- GENERATED BY UNITY. REMOVE THIS COMMENT TO PREVENT OVERWRITING WHEN EXPORTING AGAIN -->
3<manifest xmlns:android="http://schemas.android.com/apk/res/android"
4    xmlns:tools="http://schemas.android.com/tools"
5    package="com.unity3d.player"
6    android:versionCode="1"
7    android:versionName="0.1" >
8
9    <uses-sdk
10        android:minSdkVersion="25"
10-->src/main/AndroidManifest.xml
11        android:targetSdkVersion="29" />
11-->src/main/AndroidManifest.xml
12
13    <uses-feature android:glEsVersion="0x00030000" />
13-->src/main/AndroidManifest.xml:18:3-52
13-->src/main/AndroidManifest.xml:18:17-49
14    <uses-feature
14-->src/main/AndroidManifest.xml:19:3-88
15        android:name="android.hardware.touchscreen"
15-->src/main/AndroidManifest.xml:19:17-60
16        android:required="false" />
16-->src/main/AndroidManifest.xml:19:61-85
17    <uses-feature
17-->src/main/AndroidManifest.xml:20:3-99
18        android:name="android.hardware.touchscreen.multitouch"
18-->src/main/AndroidManifest.xml:20:17-71
19        android:required="false" />
19-->src/main/AndroidManifest.xml:20:72-96
20    <uses-feature
20-->src/main/AndroidManifest.xml:21:3-108
21        android:name="android.hardware.touchscreen.multitouch.distinct"
21-->src/main/AndroidManifest.xml:21:17-80
22        android:required="false" />
22-->src/main/AndroidManifest.xml:21:81-105
23
24    <application>
24-->src/main/AndroidManifest.xml:4:3-17:17
25        <activity
25-->src/main/AndroidManifest.xml:5:5-12:16
26            android:name="com.unity3d.player.UnityPlayerActivity"
26-->src/main/AndroidManifest.xml:5:15-68
27            android:configChanges="mcc|mnc|locale|touchscreen|keyboard|keyboardHidden|navigation|orientation|screenLayout|uiMode|screenSize|smallestScreenSize|fontScale|layoutDirection|density"
27-->src/main/AndroidManifest.xml:5:180-361
28            android:hardwareAccelerated="false"
28-->src/main/AndroidManifest.xml:5:362-397
29            android:launchMode="singleTask"
29-->src/main/AndroidManifest.xml:5:148-179
30            android:screenOrientation="portrait"
30-->src/main/AndroidManifest.xml:5:111-147
31            android:theme="@style/UnityThemeSelector" >
31-->src/main/AndroidManifest.xml:5:69-110
32            <intent-filter>
32-->src/main/AndroidManifest.xml:6:7-9:23
33                <action android:name="android.intent.action.MAIN" />
33-->src/main/AndroidManifest.xml:7:9-61
33-->src/main/AndroidManifest.xml:7:17-58
34
35                <category android:name="android.intent.category.LAUNCHER" />
35-->src/main/AndroidManifest.xml:8:9-69
35-->src/main/AndroidManifest.xml:8:19-66
36            </intent-filter>
37
38            <meta-data
38-->src/main/AndroidManifest.xml:10:7-82
39                android:name="unityplayer.UnityActivity"
39-->src/main/AndroidManifest.xml:10:18-58
40                android:value="true" />
40-->src/main/AndroidManifest.xml:10:59-79
41            <meta-data
41-->src/main/AndroidManifest.xml:11:7-78
42                android:name="android.notch_support"
42-->src/main/AndroidManifest.xml:11:18-54
43                android:value="true" />
43-->src/main/AndroidManifest.xml:11:55-75
44        </activity>
45
46        <meta-data
46-->src/main/AndroidManifest.xml:13:5-69
47            android:name="unity.splash-mode"
47-->src/main/AndroidManifest.xml:13:16-48
48            android:value="0" />
48-->src/main/AndroidManifest.xml:13:49-66
49        <meta-data
49-->src/main/AndroidManifest.xml:14:5-74
50            android:name="unity.splash-enable"
50-->src/main/AndroidManifest.xml:14:16-50
51            android:value="True" />
51-->src/main/AndroidManifest.xml:14:51-71
52        <meta-data
52-->src/main/AndroidManifest.xml:15:5-81
53            android:name="notch.config"
53-->src/main/AndroidManifest.xml:15:16-43
54            android:value="portrait|landscape" />
54-->src/main/AndroidManifest.xml:15:44-78
55        <meta-data
55-->src/main/AndroidManifest.xml:16:5-101
56            android:name="unity.build-id"
56-->src/main/AndroidManifest.xml:16:16-45
57            android:value="2a140ce3-287a-491c-b429-911ba9161c22" />
57-->src/main/AndroidManifest.xml:16:46-98
58    </application>
59
60</manifest>